e:\school and work\repo\projectfiasco\projectfiasco\debug\vc141.pdb
e:\school and work\repo\projectfiasco\projectfiasco\debug\vc141.idb
e:\school and work\repo\projectfiasco\projectfiasco\debug\boxenemy.nativecodeanalysis.xml
e:\school and work\repo\projectfiasco\projectfiasco\debug\cursor.nativecodeanalysis.xml
e:\school and work\repo\projectfiasco\projectfiasco\debug\gameview.nativecodeanalysis.xml
e:\school and work\repo\projectfiasco\projectfiasco\debug\main.nativecodeanalysis.xml
e:\school and work\repo\projectfiasco\projectfiasco\debug\renderer.nativecodeanalysis.xml
e:\school and work\repo\projectfiasco\projectfiasco\debug\text.nativecodeanalysis.xml
e:\school and work\repo\projectfiasco\projectfiasco\debug\player.nativecodeanalysis.xml
e:\school and work\repo\projectfiasco\projectfiasco\debug\window.nativecodeanalysis.xml
e:\school and work\repo\projectfiasco\projectfiasco\debug\window.obj
e:\school and work\repo\projectfiasco\projectfiasco\debug\player.obj
e:\school and work\repo\projectfiasco\projectfiasco\debug\text.obj
e:\school and work\repo\projectfiasco\projectfiasco\debug\renderer.obj
e:\school and work\repo\projectfiasco\projectfiasco\debug\main.obj
e:\school and work\repo\projectfiasco\projectfiasco\debug\gameview.obj
e:\school and work\repo\projectfiasco\projectfiasco\debug\cursor.obj
e:\school and work\repo\projectfiasco\projectfiasco\debug\boxenemy.obj
e:\school and work\repo\projectfiasco\projectfiasco\pixelshader.cso
e:\school and work\repo\projectfiasco\projectfiasco\vertexshader.cso
e:\school and work\repo\projectfiasco\debug\projectfiasco.ilk
e:\school and work\repo\projectfiasco\debug\projectfiasco.exe
e:\school and work\repo\projectfiasco\debug\projectfiasco.pdb
e:\school and work\repo\projectfiasco\projectfiasco\debug\nativecodeanalysis.read.1.tlog
e:\school and work\repo\projectfiasco\projectfiasco\debug\vc.nativecodeanalysis.all.xml
e:\school and work\repo\projectfiasco\debug\projectfiasco.exe.lastcodeanalysissucceeded
e:\school and work\repo\projectfiasco\projectfiasco\debug\projectfiasco.tlog\cl.command.1.tlog
e:\school and work\repo\projectfiasco\projectfiasco\debug\projectfiasco.tlog\cl.read.1.tlog
e:\school and work\repo\projectfiasco\projectfiasco\debug\projectfiasco.tlog\cl.write.1.tlog
e:\school and work\repo\projectfiasco\projectfiasco\debug\projectfiasco.tlog\fxc.command.1.tlog
e:\school and work\repo\projectfiasco\projectfiasco\debug\projectfiasco.tlog\fxc.read.1.tlog
e:\school and work\repo\projectfiasco\projectfiasco\debug\projectfiasco.tlog\fxc.write.1.tlog
e:\school and work\repo\projectfiasco\projectfiasco\debug\projectfiasco.tlog\link.command.1.tlog
e:\school and work\repo\projectfiasco\projectfiasco\debug\projectfiasco.tlog\link.read.1.tlog
e:\school and work\repo\projectfiasco\projectfiasco\debug\projectfiasco.tlog\link.write.1.tlog
e:\school and work\repo\projectfiasco\projectfiasco\debug\projectfiasco.tlog\projectfiasco.write.1u.tlog
