e:\school and work\repo\projectfiasco\projectfiasco\release\vc141.pdb
e:\school and work\repo\projectfiasco\projectfiasco\release\window.obj
e:\school and work\repo\projectfiasco\projectfiasco\release\timer.obj
e:\school and work\repo\projectfiasco\projectfiasco\release\texthandler.obj
e:\school and work\repo\projectfiasco\projectfiasco\release\soundmanager.obj
e:\school and work\repo\projectfiasco\projectfiasco\release\settings.obj
e:\school and work\repo\projectfiasco\projectfiasco\release\player.obj
e:\school and work\repo\projectfiasco\projectfiasco\release\renderer.obj
e:\school and work\repo\projectfiasco\projectfiasco\release\main.obj
e:\school and work\repo\projectfiasco\projectfiasco\release\gameview.obj
e:\school and work\repo\projectfiasco\projectfiasco\release\gamelogic.obj
e:\school and work\repo\projectfiasco\projectfiasco\release\dialog.obj
e:\school and work\repo\projectfiasco\projectfiasco\release\cursor.obj
e:\school and work\repo\projectfiasco\projectfiasco\release\bullet.obj
e:\school and work\repo\projectfiasco\projectfiasco\release\boxenemy.obj
e:\school and work\repo\projectfiasco\projectfiasco\release\aiplayer.obj
e:\school and work\repo\projectfiasco\projectfiasco\pixelshader.cso
e:\school and work\repo\projectfiasco\projectfiasco\vertexshader.cso
e:\school and work\repo\projectfiasco\release\projectfiasco.exe
e:\school and work\repo\projectfiasco\release\projectfiasco.pdb
e:\school and work\repo\projectfiasco\release\projectfiasco.ipdb
e:\school and work\repo\projectfiasco\release\projectfiasco.iobj
e:\school and work\repo\projectfiasco\projectfiasco\release\projectfiasco.tlog\cl.command.1.tlog
e:\school and work\repo\projectfiasco\projectfiasco\release\projectfiasco.tlog\cl.read.1.tlog
e:\school and work\repo\projectfiasco\projectfiasco\release\projectfiasco.tlog\cl.write.1.tlog
e:\school and work\repo\projectfiasco\projectfiasco\release\projectfiasco.tlog\fxc.command.1.tlog
e:\school and work\repo\projectfiasco\projectfiasco\release\projectfiasco.tlog\fxc.read.1.tlog
e:\school and work\repo\projectfiasco\projectfiasco\release\projectfiasco.tlog\fxc.write.1.tlog
e:\school and work\repo\projectfiasco\projectfiasco\release\projectfiasco.tlog\link.command.1.tlog
e:\school and work\repo\projectfiasco\projectfiasco\release\projectfiasco.tlog\link.read.1.tlog
e:\school and work\repo\projectfiasco\projectfiasco\release\projectfiasco.tlog\link.write.1.tlog
e:\school and work\repo\projectfiasco\projectfiasco\release\projectfiasco.tlog\projectfiasco.write.1u.tlog
