  AIPlayer.cpp
AIPlayer.cpp(32): warning C4244: '=': conversion from 'float' to 'LONG', possible loss of data
AIPlayer.cpp(33): warning C4244: '=': conversion from 'float' to 'LONG', possible loss of data
AIPlayer.cpp(59): warning C4101: 'ip': unreferenced local variable
  BoxEnemy.cpp
  Bullet.cpp
  GameLogic.cpp
GameLogic.cpp(14): warning C4554: '&': check operator precedence for possible error; use parentheses to clarify precedence
GameLogic.cpp(125): warning C4018: '<': signed/unsigned mismatch
  GameView.cpp
GameView.cpp(5): warning C4244: '=': conversion from 'int' to 'float', possible loss of data
GameView.cpp(24): warning C4244: '=': conversion from 'double' to 'float', possible loss of data
GameView.cpp(82): warning C4244: '=': conversion from 'double' to 'float', possible loss of data
  Main.cpp
e:\school and work\repo\projectfiasco\projectfiasco\Dialog.h(15): warning C4200: nonstandard extension used: zero-sized array in struct/union
  e:\school and work\repo\projectfiasco\projectfiasco\Dialog.h(15): note: This member will be ignored by a defaulted constructor or copy/move assignment operator
Main.cpp(19): warning C4244: '=': conversion from 'float' to 'int', possible loss of data
Main.cpp(20): warning C4244: '=': conversion from 'double' to 'int', possible loss of data
Main.cpp(21): warning C4244: '=': conversion from 'float' to 'int', possible loss of data
Main.cpp(22): warning C4244: '=': conversion from 'float' to 'int', possible loss of data
  Player.cpp
  Generating code
e:\school and work\repo\projectfiasco\projectfiasco\boxenemy.cpp(42): warning C4172: returning address of local variable or temporary: point
  All 490 functions were compiled because no usable IPDB/IOBJ from previous compilation was found.
  Finished generating code
  ProjectFiasco.vcxproj -> E:\School And Work\Repo\ProjectFiasco\Release\ProjectFiasco.exe
